# JRE version: OpenJDK Runtime Environment (8.0_112-b06) (build 1.8.0_112-release-b06)
# Java VM: OpenJDK 64-Bit Server VM (25.112-b06 mixed mode windows-amd64 compressed oops)
Heap:
 PSYoungGen      total 349696K, used 50961K [0x00000000e0000000, 0x0000000100000000, 0x0000000100000000)
  eden space 175104K, 0% used [0x00000000e0000000,0x00000000e0000000,0x00000000eab00000)
  from space 174592K, 29% used [0x00000000eab00000,0x00000000edcc4608,0x00000000f5580000)
  to   space 174592K, 0% used [0x00000000f5580000,0x00000000f5580000,0x0000000100000000)
 ParOldGen       total 1048576K, used 989397K [0x00000000a0000000, 0x00000000e0000000, 0x00000000e0000000)
  object space 1048576K, 94% used [0x00000000a0000000,0x00000000dc635788,0x00000000e0000000)
 Metaspace       used 94796K, capacity 102429K, committed 103424K, reserved 1138688K
  class space    used 12044K, capacity 13018K, committed 13312K, reserved 1048576K
GC Heap History (10 events):
Event: 16000.145 GC heap after
Heap after GC invocations=176 (full 15):
 PSYoungGen      total 349696K, used 133846K [0x00000000e0000000, 0x0000000100000000, 0x0000000100000000)
  eden space 175104K, 0% used [0x00000000e0000000,0x00000000e0000000,0x00000000eab00000)
  from space 174592K, 76% used [0x00000000eab00000,0x00000000f2db5828,0x00000000f5580000)
  to   space 174592K, 0% used [0x00000000f5580000,0x00000000f5580000,0x0000000100000000)
 ParOldGen       total 1048576K, used 781840K [0x00000000a0000000, 0x00000000e0000000, 0x00000000e0000000)
  object space 1048576K, 74% used [0x00000000a0000000,0x00000000cfb842a8,0x00000000e0000000)
 Metaspace       used 94794K, capacity 102429K, committed 103424K, reserved 1138688K
  class space    used 12044K, capacity 13018K, committed 13312K, reserved 1048576K
}
Event: 16000.318 GC heap before
{Heap before GC invocations=177 (full 15):
 PSYoungGen      total 349696K, used 308950K [0x00000000e0000000, 0x0000000100000000, 0x0000000100000000)
  eden space 175104K, 100% used [0x00000000e0000000,0x00000000eab00000,0x00000000eab00000)
  from space 174592K, 76% used [0x00000000eab00000,0x00000000f2db5828,0x00000000f5580000)
  to   space 174592K, 0% used [0x00000000f5580000,0x00000000f5580000,0x0000000100000000)
 ParOldGen       total 1048576K, used 781840K [0x00000000a0000000, 0x00000000e0000000, 0x00000000e0000000)
  object space 1048576K, 74% used [0x00000000a0000000,0x00000000cfb842a8,0x00000000e0000000)
 Metaspace       used 94794K, capacity 102429K, committed 103424K, reserved 1138688K
  class space    used 12044K, capacity 13018K, committed 13312K, reserved 1048576K
Event: 16000.494 GC heap after
Heap after GC invocations=177 (full 15):
 PSYoungGen      total 349696K, used 104795K [0x00000000e0000000, 0x0000000100000000, 0x0000000100000000)
  eden space 175104K, 0% used [0x00000000e0000000,0x00000000e0000000,0x00000000eab00000)
  from space 174592K, 60% used [0x00000000f5580000,0x00000000fbbd6c70,0x0000000100000000)
  to   space 174592K, 0% used [0x00000000eab00000,0x00000000eab00000,0x00000000f5580000)
 ParOldGen       total 1048576K, used 836490K [0x00000000a0000000, 0x00000000e0000000, 0x00000000e0000000)
  object space 1048576K, 79% used [0x00000000a0000000,0x00000000d30e2970,0x00000000e0000000)
 Metaspace       used 94794K, capacity 102429K, committed 103424K, reserved 1138688K
  class space    used 12044K, capacity 13018K, committed 13312K, reserved 1048576K
}
Event: 16000.653 GC heap before
{Heap before GC invocations=178 (full 15):
 PSYoungGen      total 349696K, used 279899K [0x00000000e0000000, 0x0000000100000000, 0x0000000100000000)
  eden space 175104K, 100% used [0x00000000e0000000,0x00000000eab00000,0x00000000eab00000)
  from space 174592K, 60% used [0x00000000f5580000,0x00000000fbbd6c70,0x0000000100000000)
  to   space 174592K, 0% used [0x00000000eab00000,0x00000000eab00000,0x00000000f5580000)
 ParOldGen       total 1048576K, used 836490K [0x00000000a0000000, 0x00000000e0000000, 0x00000000e0000000)
  object space 1048576K, 79% used [0x00000000a0000000,0x00000000d30e2970,0x00000000e0000000)
 Metaspace       used 94794K, capacity 102429K, committed 103424K, reserved 1138688K
  class space    used 12044K, capacity 13018K, committed 13312K, reserved 1048576K
Event: 16000.798 GC heap after
Heap after GC invocations=178 (full 15):
 PSYoungGen      total 349696K, used 79290K [0x00000000e0000000, 0x0000000100000000, 0x0000000100000000)
  eden space 175104K, 0% used [0x00000000e0000000,0x00000000e0000000,0x00000000eab00000)
  from space 174592K, 45% used [0x00000000eab00000,0x00000000ef86eaf8,0x00000000f5580000)
  to   space 174592K, 0% used [0x00000000f5580000,0x00000000f5580000,0x0000000100000000)
 ParOldGen       total 1048576K, used 888585K [0x00000000a0000000, 0x00000000e0000000, 0x00000000e0000000)
  object space 1048576K, 84% used [0x00000000a0000000,0x00000000d63c2720,0x00000000e0000000)
 Metaspace       used 94794K, capacity 102429K, committed 103424K, reserved 1138688K
  class space    used 12044K, capacity 13018K, committed 13312K, reserved 1048576K
}
Event: 16001.184 GC heap before
{Heap before GC invocations=179 (full 15):
 PSYoungGen      total 349696K, used 254394K [0x00000000e0000000, 0x0000000100000000, 0x0000000100000000)
  eden space 175104K, 100% used [0x00000000e0000000,0x00000000eab00000,0x00000000eab00000)
  from space 174592K, 45% used [0x00000000eab00000,0x00000000ef86eaf8,0x00000000f5580000)
  to   space 174592K, 0% used [0x00000000f5580000,0x00000000f5580000,0x0000000100000000)
 ParOldGen       total 1048576K, used 888585K [0x00000000a0000000, 0x00000000e0000000, 0x00000000e0000000)
  object space 1048576K, 84% used [0x00000000a0000000,0x00000000d63c2720,0x00000000e0000000)
 Metaspace       used 94794K, capacity 102429K, committed 103424K, reserved 1138688K
  class space    used 12044K, capacity 13018K, committed 13312K, reserved 1048576K
Event: 16001.320 GC heap after
Heap after GC invocations=179 (full 15):
 PSYoungGen      total 349696K, used 51250K [0x00000000e0000000, 0x0000000100000000, 0x0000000100000000)
  eden space 175104K, 0% used [0x00000000e0000000,0x00000000e0000000,0x00000000eab00000)
  from space 174592K, 29% used [0x00000000f5580000,0x00000000f878c808,0x0000000100000000)
  to   space 174592K, 0% used [0x00000000eab00000,0x00000000eab00000,0x00000000f5580000)
 ParOldGen       total 1048576K, used 939570K [0x00000000a0000000, 0x00000000e0000000, 0x00000000e0000000)
  object space 1048576K, 89% used [0x00000000a0000000,0x00000000d958cb98,0x00000000e0000000)
 Metaspace       used 94794K, capacity 102429K, committed 103424K, reserved 1138688K
  class space    used 12044K, capacity 13018K, committed 13312K, reserved 1048576K
}
Event: 16002.995 GC heap before
{Heap before GC invocations=180 (full 15):
 PSYoungGen      total 349696K, used 226354K [0x00000000e0000000, 0x0000000100000000, 0x0000000100000000)
  eden space 175104K, 100% used [0x00000000e0000000,0x00000000eab00000,0x00000000eab00000)
  from space 174592K, 29% used [0x00000000f5580000,0x00000000f878c808,0x0000000100000000)
  to   space 174592K, 0% used [0x00000000eab00000,0x00000000eab00000,0x00000000f5580000)
 ParOldGen       total 1048576K, used 939570K [0x00000000a0000000, 0x00000000e0000000, 0x00000000e0000000)
  object space 1048576K, 89% used [0x00000000a0000000,0x00000000d958cb98,0x00000000e0000000)
 Metaspace       used 94796K, capacity 102429K, committed 103424K, reserved 1138688K
  class space    used 12044K, capacity 13018K, committed 13312K, reserved 1048576K
Event: 16003.134 GC heap after
Heap after GC invocations=180 (full 15):
 PSYoungGen      total 349696K, used 50961K [0x00000000e0000000, 0x0000000100000000, 0x0000000100000000)
  eden space 175104K, 0% used [0x00000000e0000000,0x00000000e0000000,0x00000000eab00000)
  from space 174592K, 29% used [0x00000000eab00000,0x00000000edcc4608,0x00000000f5580000)
  to   space 174592K, 0% used [0x00000000f5580000,0x00000000f5580000,0x0000000100000000)
 ParOldGen       total 1048576K, used 989397K [0x00000000a0000000, 0x00000000e0000000, 0x00000000e0000000)
  object space 1048576K, 94% used [0x00000000a0000000,0x00000000dc635788,0x00000000e0000000)
 Metaspace       used 94796K, capacity 102429K, committed 103424K, reserved 1138688K
  class space    used 12044K, capacity 13018K, committed 13312K, reserved 1048576K
}
Event: 16003.134 GC heap before
{Heap before GC invocations=181 (full 16):
 PSYoungGen      total 349696K, used 50961K [0x00000000e0000000, 0x0000000100000000, 0x0000000100000000)
  eden space 175104K, 0% used [0x00000000e0000000,0x00000000e0000000,0x00000000eab00000)
  from space 174592K, 29% used [0x00000000eab00000,0x00000000edcc4608,0x00000000f5580000)
  to   space 174592K, 0% used [0x00000000f5580000,0x00000000f5580000,0x0000000100000000)
 ParOldGen       total 1048576K, used 989397K [0x00000000a0000000, 0x00000000e0000000, 0x00000000e0000000)
  object space 1048576K, 94% used [0x00000000a0000000,0x00000000dc635788,0x00000000e0000000)
 Metaspace       used 94796K, capacity 102429K, committed 103424K, reserved 1138688K
  class space    used 12044K, capacity 13018K, committed 13312K, reserved 1048576K

