# JRE version: OpenJDK Runtime Environment (8.0_112-b06) (build 1.8.0_112-release-b06)
# Java VM: OpenJDK 64-Bit Server VM (25.112-b06 mixed mode windows-amd64 compressed oops)
Heap:
 PSYoungGen      total 344576K, used 91396K [0x00000000e0000000, 0x00000000fc080000, 0x0000000100000000)
  eden space 265728K, 7% used [0x00000000e0000000,0x00000000e13c3e98,0x00000000f0380000)
  from space 78848K, 90% used [0x00000000f5b00000,0x00000000fa07d4d0,0x00000000fa800000)
  to   space 89600K, 0% used [0x00000000f0380000,0x00000000f0380000,0x00000000f5b00000)
 ParOldGen       total 157184K, used 85049K [0x00000000a0000000, 0x00000000a9980000, 0x00000000e0000000)
  object space 157184K, 54% used [0x00000000a0000000,0x00000000a530e7f8,0x00000000a9980000)
 Metaspace       used 63467K, capacity 65424K, committed 65664K, reserved 1105920K
  class space    used 8099K, capacity 8529K, committed 8576K, reserved 1048576K
GC Heap History (10 events):
Event: 61.588 GC heap before
{Heap before GC invocations=21 (full 2):
 PSYoungGen      total 220160K, used 94299K [0x00000000e0000000, 0x00000000f0780000, 0x0000000100000000)
  eden space 181760K, 32% used [0x00000000e0000000,0x00000000e3a33368,0x00000000eb180000)
  from space 38400K, 90% used [0x00000000edb80000,0x00000000efd63bc8,0x00000000f0100000)
  to   space 43008K, 0% used [0x00000000eb180000,0x00000000eb180000,0x00000000edb80000)
 ParOldGen       total 102912K, used 41403K [0x00000000a0000000, 0x00000000a6480000, 0x00000000e0000000)
  object space 102912K, 40% used [0x00000000a0000000,0x00000000a286ee60,0x00000000a6480000)
 Metaspace       used 57116K, capacity 58964K, committed 59136K, reserved 1099776K
  class space    used 7384K, capacity 7813K, committed 7936K, reserved 1048576K
Event: 61.632 GC heap after
Heap after GC invocations=21 (full 2):
 PSYoungGen      total 224768K, used 35716K [0x00000000e0000000, 0x00000000f2e80000, 0x0000000100000000)
  eden space 181760K, 0% used [0x00000000e0000000,0x00000000e0000000,0x00000000eb180000)
  from space 43008K, 83% used [0x00000000eb180000,0x00000000ed461040,0x00000000edb80000)
  to   space 47104K, 0% used [0x00000000f0080000,0x00000000f0080000,0x00000000f2e80000)
 ParOldGen       total 102912K, used 41411K [0x00000000a0000000, 0x00000000a6480000, 0x00000000e0000000)
  object space 102912K, 40% used [0x00000000a0000000,0x00000000a2870e60,0x00000000a6480000)
 Metaspace       used 57116K, capacity 58964K, committed 59136K, reserved 1099776K
  class space    used 7384K, capacity 7813K, committed 7936K, reserved 1048576K
}
Event: 61.632 GC heap before
{Heap before GC invocations=22 (full 3):
 PSYoungGen      total 224768K, used 35716K [0x00000000e0000000, 0x00000000f2e80000, 0x0000000100000000)
  eden space 181760K, 0% used [0x00000000e0000000,0x00000000e0000000,0x00000000eb180000)
  from space 43008K, 83% used [0x00000000eb180000,0x00000000ed461040,0x00000000edb80000)
  to   space 47104K, 0% used [0x00000000f0080000,0x00000000f0080000,0x00000000f2e80000)
 ParOldGen       total 102912K, used 41411K [0x00000000a0000000, 0x00000000a6480000, 0x00000000e0000000)
  object space 102912K, 40% used [0x00000000a0000000,0x00000000a2870e60,0x00000000a6480000)
 Metaspace       used 57116K, capacity 58964K, committed 59136K, reserved 1099776K
  class space    used 7384K, capacity 7813K, committed 7936K, reserved 1048576K
Event: 61.952 GC heap after
Heap after GC invocations=22 (full 3):
 PSYoungGen      total 224768K, used 0K [0x00000000e0000000, 0x00000000f2e80000, 0x0000000100000000)
  eden space 181760K, 0% used [0x00000000e0000000,0x00000000e0000000,0x00000000eb180000)
  from space 43008K, 0% used [0x00000000eb180000,0x00000000eb180000,0x00000000edb80000)
  to   space 47104K, 0% used [0x00000000f0080000,0x00000000f0080000,0x00000000f2e80000)
 ParOldGen       total 157184K, used 39708K [0x00000000a0000000, 0x00000000a9980000, 0x00000000e0000000)
  object space 157184K, 25% used [0x00000000a0000000,0x00000000a26c73f0,0x00000000a9980000)
 Metaspace       used 57114K, capacity 58958K, committed 59136K, reserved 1099776K
  class space    used 7383K, capacity 7812K, committed 7936K, reserved 1048576K
}
Event: 69.049 GC heap before
{Heap before GC invocations=23 (full 3):
 PSYoungGen      total 224768K, used 181760K [0x00000000e0000000, 0x00000000f2e80000, 0x0000000100000000)
  eden space 181760K, 100% used [0x00000000e0000000,0x00000000eb180000,0x00000000eb180000)
  from space 43008K, 0% used [0x00000000eb180000,0x00000000eb180000,0x00000000edb80000)
  to   space 47104K, 0% used [0x00000000f0080000,0x00000000f0080000,0x00000000f2e80000)
 ParOldGen       total 157184K, used 39708K [0x00000000a0000000, 0x00000000a9980000, 0x00000000e0000000)
  object space 157184K, 25% used [0x00000000a0000000,0x00000000a26c73f0,0x00000000a9980000)
 Metaspace       used 63200K, capacity 65136K, committed 65408K, reserved 1105920K
  class space    used 8065K, capacity 8497K, committed 8576K, reserved 1048576K
Event: 69.109 GC heap after
Heap after GC invocations=23 (full 3):
 PSYoungGen      total 256000K, used 44640K [0x00000000e0000000, 0x00000000f3d00000, 0x0000000100000000)
  eden space 208896K, 0% used [0x00000000e0000000,0x00000000e0000000,0x00000000ecc00000)
  from space 47104K, 94% used [0x00000000f0080000,0x00000000f2c18100,0x00000000f2e80000)
  to   space 53760K, 0% used [0x00000000ecc00000,0x00000000ecc00000,0x00000000f0080000)
 ParOldGen       total 157184K, used 39716K [0x00000000a0000000, 0x00000000a9980000, 0x00000000e0000000)
  object space 157184K, 25% used [0x00000000a0000000,0x00000000a26c93f0,0x00000000a9980000)
 Metaspace       used 63200K, capacity 65136K, committed 65408K, reserved 1105920K
  class space    used 8065K, capacity 8497K, committed 8576K, reserved 1048576K
}
Event: 70.134 GC heap before
{Heap before GC invocations=24 (full 3):
 PSYoungGen      total 256000K, used 253536K [0x00000000e0000000, 0x00000000f3d00000, 0x0000000100000000)
  eden space 208896K, 100% used [0x00000000e0000000,0x00000000ecc00000,0x00000000ecc00000)
  from space 47104K, 94% used [0x00000000f0080000,0x00000000f2c18100,0x00000000f2e80000)
  to   space 53760K, 0% used [0x00000000ecc00000,0x00000000ecc00000,0x00000000f0080000)
 ParOldGen       total 157184K, used 39716K [0x00000000a0000000, 0x00000000a9980000, 0x00000000e0000000)
  object space 157184K, 25% used [0x00000000a0000000,0x00000000a26c93f0,0x00000000a9980000)
 Metaspace       used 63434K, capacity 65360K, committed 65664K, reserved 1105920K
  class space    used 8096K, capacity 8529K, committed 8576K, reserved 1048576K
Event: 70.327 GC heap after
Heap after GC invocations=24 (full 3):
 PSYoungGen      total 262656K, used 53739K [0x00000000e0000000, 0x00000000fa800000, 0x0000000100000000)
  eden space 208896K, 0% used [0x00000000e0000000,0x00000000e0000000,0x00000000ecc00000)
  from space 53760K, 99% used [0x00000000ecc00000,0x00000000f007ac30,0x00000000f0080000)
  to   space 78848K, 0% used [0x00000000f5b00000,0x00000000f5b00000,0x00000000fa800000)
 ParOldGen       total 157184K, used 85049K [0x00000000a0000000, 0x00000000a9980000, 0x00000000e0000000)
  object space 157184K, 54% used [0x00000000a0000000,0x00000000a530e7f8,0x00000000a9980000)
 Metaspace       used 63434K, capacity 65360K, committed 65664K, reserved 1105920K
  class space    used 8096K, capacity 8529K, committed 8576K, reserved 1048576K
}
Event: 71.238 GC heap before
{Heap before GC invocations=25 (full 3):
 PSYoungGen      total 262656K, used 262635K [0x00000000e0000000, 0x00000000fa800000, 0x0000000100000000)
  eden space 208896K, 100% used [0x00000000e0000000,0x00000000ecc00000,0x00000000ecc00000)
  from space 53760K, 99% used [0x00000000ecc00000,0x00000000f007ac30,0x00000000f0080000)
  to   space 78848K, 0% used [0x00000000f5b00000,0x00000000f5b00000,0x00000000fa800000)
 ParOldGen       total 157184K, used 85049K [0x00000000a0000000, 0x00000000a9980000, 0x00000000e0000000)
  object space 157184K, 54% used [0x00000000a0000000,0x00000000a530e7f8,0x00000000a9980000)
 Metaspace       used 63439K, capacity 65360K, committed 65664K, reserved 1105920K
  class space    used 8096K, capacity 8529K, committed 8576K, reserved 1048576K
Event: 71.359 GC heap after
Heap after GC invocations=25 (full 3):
 PSYoungGen      total 344576K, used 71157K [0x00000000e0000000, 0x00000000fc080000, 0x0000000100000000)
  eden space 265728K, 0% used [0x00000000e0000000,0x00000000e0000000,0x00000000f0380000)
  from space 78848K, 90% used [0x00000000f5b00000,0x00000000fa07d4d0,0x00000000fa800000)
  to   space 89600K, 0% used [0x00000000f0380000,0x00000000f0380000,0x00000000f5b00000)
 ParOldGen       total 157184K, used 85049K [0x00000000a0000000, 0x00000000a9980000, 0x00000000e0000000)
  object space 157184K, 54% used [0x00000000a0000000,0x00000000a530e7f8,0x00000000a9980000)
 Metaspace       used 63439K, capacity 65360K, committed 65664K, reserved 1105920K
  class space    used 8096K, capacity 8529K, committed 8576K, reserved 1048576K
}

