# JRE version: OpenJDK Runtime Environment (8.0_112-b06) (build 1.8.0_112-release-b06)
# Java VM: OpenJDK 64-Bit Server VM (25.112-b06 mixed mode windows-amd64 compressed oops)
Heap:
 PSYoungGen      total 349696K, used 66159K [0x00000000e0000000, 0x0000000100000000, 0x0000000100000000)
  eden space 175104K, 0% used [0x00000000e0000000,0x00000000e0000000,0x00000000eab00000)
  from space 174592K, 37% used [0x00000000eab00000,0x00000000eeb9bfa0,0x00000000f5580000)
  to   space 174592K, 0% used [0x00000000f5580000,0x00000000f5580000,0x0000000100000000)
 ParOldGen       total 757248K, used 705088K [0x00000000a0000000, 0x00000000ce380000, 0x00000000e0000000)
  object space 757248K, 93% used [0x00000000a0000000,0x00000000cb0901a0,0x00000000ce380000)
 Metaspace       used 75846K, capacity 80122K, committed 80344K, reserved 1120256K
  class space    used 9663K, capacity 10456K, committed 10496K, reserved 1048576K
GC Heap History (10 events):
Event: 1124.238 GC heap after
Heap after GC invocations=87 (full 10):
 PSYoungGen      total 349696K, used 26450K [0x00000000e0000000, 0x0000000100000000, 0x0000000100000000)
  eden space 175104K, 0% used [0x00000000e0000000,0x00000000e0000000,0x00000000eab00000)
  from space 174592K, 15% used [0x00000000eab00000,0x00000000ec4d4908,0x00000000f5580000)
  to   space 174592K, 0% used [0x00000000f5580000,0x00000000f5580000,0x0000000100000000)
 ParOldGen       total 757248K, used 529617K [0x00000000a0000000, 0x00000000ce380000, 0x00000000e0000000)
  object space 757248K, 69% used [0x00000000a0000000,0x00000000c05346c8,0x00000000ce380000)
 Metaspace       used 75846K, capacity 80122K, committed 80344K, reserved 1120256K
  class space    used 9663K, capacity 10456K, committed 10496K, reserved 1048576K
}
Event: 1124.484 GC heap before
{Heap before GC invocations=88 (full 10):
 PSYoungGen      total 349696K, used 201554K [0x00000000e0000000, 0x0000000100000000, 0x0000000100000000)
  eden space 175104K, 100% used [0x00000000e0000000,0x00000000eab00000,0x00000000eab00000)
  from space 174592K, 15% used [0x00000000eab00000,0x00000000ec4d4908,0x00000000f5580000)
  to   space 174592K, 0% used [0x00000000f5580000,0x00000000f5580000,0x0000000100000000)
 ParOldGen       total 757248K, used 529617K [0x00000000a0000000, 0x00000000ce380000, 0x00000000e0000000)
  object space 757248K, 69% used [0x00000000a0000000,0x00000000c05346c8,0x00000000ce380000)
 Metaspace       used 75846K, capacity 80122K, committed 80344K, reserved 1120256K
  class space    used 9663K, capacity 10456K, committed 10496K, reserved 1048576K
Event: 1124.557 GC heap after
Heap after GC invocations=88 (full 10):
 PSYoungGen      total 349696K, used 26923K [0x00000000e0000000, 0x0000000100000000, 0x0000000100000000)
  eden space 175104K, 0% used [0x00000000e0000000,0x00000000e0000000,0x00000000eab00000)
  from space 174592K, 15% used [0x00000000f5580000,0x00000000f6fcafa8,0x0000000100000000)
  to   space 174592K, 0% used [0x00000000eab00000,0x00000000eab00000,0x00000000f5580000)
 ParOldGen       total 757248K, used 554805K [0x00000000a0000000, 0x00000000ce380000, 0x00000000e0000000)
  object space 757248K, 73% used [0x00000000a0000000,0x00000000c1dcd530,0x00000000ce380000)
 Metaspace       used 75846K, capacity 80122K, committed 80344K, reserved 1120256K
  class space    used 9663K, capacity 10456K, committed 10496K, reserved 1048576K
}
Event: 1124.886 GC heap before
{Heap before GC invocations=89 (full 10):
 PSYoungGen      total 349696K, used 202027K [0x00000000e0000000, 0x0000000100000000, 0x0000000100000000)
  eden space 175104K, 100% used [0x00000000e0000000,0x00000000eab00000,0x00000000eab00000)
  from space 174592K, 15% used [0x00000000f5580000,0x00000000f6fcafa8,0x0000000100000000)
  to   space 174592K, 0% used [0x00000000eab00000,0x00000000eab00000,0x00000000f5580000)
 ParOldGen       total 757248K, used 554805K [0x00000000a0000000, 0x00000000ce380000, 0x00000000e0000000)
  object space 757248K, 73% used [0x00000000a0000000,0x00000000c1dcd530,0x00000000ce380000)
 Metaspace       used 75846K, capacity 80122K, committed 80344K, reserved 1120256K
  class space    used 9663K, capacity 10456K, committed 10496K, reserved 1048576K
Event: 1124.963 GC heap after
Heap after GC invocations=89 (full 10):
 PSYoungGen      total 349696K, used 34694K [0x00000000e0000000, 0x0000000100000000, 0x0000000100000000)
  eden space 175104K, 0% used [0x00000000e0000000,0x00000000e0000000,0x00000000eab00000)
  from space 174592K, 19% used [0x00000000eab00000,0x00000000ecce1a98,0x00000000f5580000)
  to   space 174592K, 0% used [0x00000000f5580000,0x00000000f5580000,0x0000000100000000)
 ParOldGen       total 757248K, used 580775K [0x00000000a0000000, 0x00000000ce380000, 0x00000000e0000000)
  object space 757248K, 76% used [0x00000000a0000000,0x00000000c3729e10,0x00000000ce380000)
 Metaspace       used 75846K, capacity 80122K, committed 80344K, reserved 1120256K
  class space    used 9663K, capacity 10456K, committed 10496K, reserved 1048576K
}
Event: 1125.551 GC heap before
{Heap before GC invocations=90 (full 10):
 PSYoungGen      total 349696K, used 209798K [0x00000000e0000000, 0x0000000100000000, 0x0000000100000000)
  eden space 175104K, 100% used [0x00000000e0000000,0x00000000eab00000,0x00000000eab00000)
  from space 174592K, 19% used [0x00000000eab00000,0x00000000ecce1a98,0x00000000f5580000)
  to   space 174592K, 0% used [0x00000000f5580000,0x00000000f5580000,0x0000000100000000)
 ParOldGen       total 757248K, used 580775K [0x00000000a0000000, 0x00000000ce380000, 0x00000000e0000000)
  object space 757248K, 76% used [0x00000000a0000000,0x00000000c3729e10,0x00000000ce380000)
 Metaspace       used 75846K, capacity 80122K, committed 80344K, reserved 1120256K
  class space    used 9663K, capacity 10456K, committed 10496K, reserved 1048576K
Event: 1125.626 GC heap after
Heap after GC invocations=90 (full 10):
 PSYoungGen      total 349696K, used 93643K [0x00000000e0000000, 0x0000000100000000, 0x0000000100000000)
  eden space 175104K, 0% used [0x00000000e0000000,0x00000000e0000000,0x00000000eab00000)
  from space 174592K, 53% used [0x00000000f5580000,0x00000000fb0f2c40,0x0000000100000000)
  to   space 174592K, 0% used [0x00000000eab00000,0x00000000eab00000,0x00000000f5580000)
 ParOldGen       total 757248K, used 609656K [0x00000000a0000000, 0x00000000ce380000, 0x00000000e0000000)
  object space 757248K, 80% used [0x00000000a0000000,0x00000000c535e1b0,0x00000000ce380000)
 Metaspace       used 75846K, capacity 80122K, committed 80344K, reserved 1120256K
  class space    used 9663K, capacity 10456K, committed 10496K, reserved 1048576K
}
Event: 1125.715 GC heap before
{Heap before GC invocations=91 (full 10):
 PSYoungGen      total 349696K, used 268747K [0x00000000e0000000, 0x0000000100000000, 0x0000000100000000)
  eden space 175104K, 100% used [0x00000000e0000000,0x00000000eab00000,0x00000000eab00000)
  from space 174592K, 53% used [0x00000000f5580000,0x00000000fb0f2c40,0x0000000100000000)
  to   space 174592K, 0% used [0x00000000eab00000,0x00000000eab00000,0x00000000f5580000)
 ParOldGen       total 757248K, used 609656K [0x00000000a0000000, 0x00000000ce380000, 0x00000000e0000000)
  object space 757248K, 80% used [0x00000000a0000000,0x00000000c535e1b0,0x00000000ce380000)
 Metaspace       used 75846K, capacity 80122K, committed 80344K, reserved 1120256K
  class space    used 9663K, capacity 10456K, committed 10496K, reserved 1048576K
Event: 1125.788 GC heap after
Heap after GC invocations=91 (full 10):
 PSYoungGen      total 349696K, used 66159K [0x00000000e0000000, 0x0000000100000000, 0x0000000100000000)
  eden space 175104K, 0% used [0x00000000e0000000,0x00000000e0000000,0x00000000eab00000)
  from space 174592K, 37% used [0x00000000eab00000,0x00000000eeb9bfa0,0x00000000f5580000)
  to   space 174592K, 0% used [0x00000000f5580000,0x00000000f5580000,0x0000000100000000)
 ParOldGen       total 757248K, used 705088K [0x00000000a0000000, 0x00000000ce380000, 0x00000000e0000000)
  object space 757248K, 93% used [0x00000000a0000000,0x00000000cb0901a0,0x00000000ce380000)
 Metaspace       used 75846K, capacity 80122K, committed 80344K, reserved 1120256K
  class space    used 9663K, capacity 10456K, committed 10496K, reserved 1048576K
}
Event: 1125.788 GC heap before
{Heap before GC invocations=92 (full 11):
 PSYoungGen      total 349696K, used 66159K [0x00000000e0000000, 0x0000000100000000, 0x0000000100000000)
  eden space 175104K, 0% used [0x00000000e0000000,0x00000000e0000000,0x00000000eab00000)
  from space 174592K, 37% used [0x00000000eab00000,0x00000000eeb9bfa0,0x00000000f5580000)
  to   space 174592K, 0% used [0x00000000f5580000,0x00000000f5580000,0x0000000100000000)
 ParOldGen       total 757248K, used 705088K [0x00000000a0000000, 0x00000000ce380000, 0x00000000e0000000)
  object space 757248K, 93% used [0x00000000a0000000,0x00000000cb0901a0,0x00000000ce380000)
 Metaspace       used 75846K, capacity 80122K, committed 80344K, reserved 1120256K
  class space    used 9663K, capacity 10456K, committed 10496K, reserved 1048576K

