# JRE version: OpenJDK Runtime Environment (8.0_112-b06) (build 1.8.0_112-release-b06)
# Java VM: OpenJDK 64-Bit Server VM (25.112-b06 mixed mode windows-amd64 compressed oops)
Heap:
 PSYoungGen      total 374784K, used 303405K [0x00000000e0000000, 0x00000000ffa80000, 0x0000000100000000)
  eden space 229376K, 100% used [0x00000000e0000000,0x00000000ee000000,0x00000000ee000000)
  from space 145408K, 50% used [0x00000000f6c80000,0x00000000fb4cb730,0x00000000ffa80000)
  to   space 143872K, 26% used [0x00000000ee000000,0x00000000f057e220,0x00000000f6c80000)
 ParOldGen       total 1048576K, used 918956K [0x00000000a0000000, 0x00000000e0000000, 0x00000000e0000000)
  object space 1048576K, 87% used [0x00000000a0000000,0x00000000d816b1d8,0x00000000e0000000)
 Metaspace       used 96428K, capacity 103900K, committed 108800K, reserved 1144832K
  class space    used 12079K, capacity 12958K, committed 14080K, reserved 1048576K
GC Heap History (10 events):
Event: 5806.465 GC heap after
Heap after GC invocations=90 (full 8):
 PSYoungGen      total 353792K, used 0K [0x00000000e0000000, 0x00000000ff580000, 0x0000000100000000)
  eden space 212480K, 0% used [0x00000000e0000000,0x00000000e0000000,0x00000000ecf80000)
  from space 141312K, 0% used [0x00000000f6b80000,0x00000000f6b80000,0x00000000ff580000)
  to   space 150528K, 0% used [0x00000000ecf80000,0x00000000ecf80000,0x00000000f6280000)
 ParOldGen       total 1048576K, used 775401K [0x00000000a0000000, 0x00000000e0000000, 0x00000000e0000000)
  object space 1048576K, 73% used [0x00000000a0000000,0x00000000cf53a7d8,0x00000000e0000000)
 Metaspace       used 96390K, capacity 103836K, committed 108800K, reserved 1144832K
  class space    used 12079K, capacity 12958K, committed 14080K, reserved 1048576K
}
Event: 5806.939 GC heap before
{Heap before GC invocations=91 (full 8):
 PSYoungGen      total 353792K, used 212480K [0x00000000e0000000, 0x00000000ff580000, 0x0000000100000000)
  eden space 212480K, 100% used [0x00000000e0000000,0x00000000ecf80000,0x00000000ecf80000)
  from space 141312K, 0% used [0x00000000f6b80000,0x00000000f6b80000,0x00000000ff580000)
  to   space 150528K, 0% used [0x00000000ecf80000,0x00000000ecf80000,0x00000000f6280000)
 ParOldGen       total 1048576K, used 775401K [0x00000000a0000000, 0x00000000e0000000, 0x00000000e0000000)
  object space 1048576K, 73% used [0x00000000a0000000,0x00000000cf53a7d8,0x00000000e0000000)
 Metaspace       used 96391K, capacity 103836K, committed 108800K, reserved 1144832K
  class space    used 12079K, capacity 12958K, committed 14080K, reserved 1048576K
Event: 5807.014 GC heap after
Heap after GC invocations=91 (full 8):
 PSYoungGen      total 363008K, used 41955K [0x00000000e0000000, 0x0000000100000000, 0x0000000100000000)
  eden space 212480K, 0% used [0x00000000e0000000,0x00000000e0000000,0x00000000ecf80000)
  from space 150528K, 27% used [0x00000000ecf80000,0x00000000ef878ee8,0x00000000f6280000)
  to   space 147456K, 0% used [0x00000000f7000000,0x00000000f7000000,0x0000000100000000)
 ParOldGen       total 1048576K, used 775401K [0x00000000a0000000, 0x00000000e0000000, 0x00000000e0000000)
  object space 1048576K, 73% used [0x00000000a0000000,0x00000000cf53a7d8,0x00000000e0000000)
 Metaspace       used 96391K, capacity 103836K, committed 108800K, reserved 1144832K
  class space    used 12079K, capacity 12958K, committed 14080K, reserved 1048576K
}
Event: 5807.613 GC heap before
{Heap before GC invocations=92 (full 8):
 PSYoungGen      total 363008K, used 254435K [0x00000000e0000000, 0x0000000100000000, 0x0000000100000000)
  eden space 212480K, 100% used [0x00000000e0000000,0x00000000ecf80000,0x00000000ecf80000)
  from space 150528K, 27% used [0x00000000ecf80000,0x00000000ef878ee8,0x00000000f6280000)
  to   space 147456K, 0% used [0x00000000f7000000,0x00000000f7000000,0x0000000100000000)
 ParOldGen       total 1048576K, used 775401K [0x00000000a0000000, 0x00000000e0000000, 0x00000000e0000000)
  object space 1048576K, 73% used [0x00000000a0000000,0x00000000cf53a7d8,0x00000000e0000000)
 Metaspace       used 96391K, capacity 103836K, committed 108800K, reserved 1144832K
  class space    used 12079K, capacity 12958K, committed 14080K, reserved 1048576K
Event: 5807.756 GC heap after
Heap after GC invocations=92 (full 8):
 PSYoungGen      total 360448K, used 74631K [0x00000000e0000000, 0x00000000ff300000, 0x0000000100000000)
  eden space 226304K, 0% used [0x00000000e0000000,0x00000000e0000000,0x00000000edd00000)
  from space 134144K, 55% used [0x00000000f7000000,0x00000000fb8e1d58,0x00000000ff300000)
  to   space 142336K, 0% used [0x00000000edd00000,0x00000000edd00000,0x00000000f6800000)
 ParOldGen       total 1048576K, used 775401K [0x00000000a0000000, 0x00000000e0000000, 0x00000000e0000000)
  object space 1048576K, 73% used [0x00000000a0000000,0x00000000cf53a7d8,0x00000000e0000000)
 Metaspace       used 96391K, capacity 103836K, committed 108800K, reserved 1144832K
  class space    used 12079K, capacity 12958K, committed 14080K, reserved 1048576K
}
Event: 5808.070 GC heap before
{Heap before GC invocations=93 (full 8):
 PSYoungGen      total 360448K, used 300935K [0x00000000e0000000, 0x00000000ff300000, 0x0000000100000000)
  eden space 226304K, 100% used [0x00000000e0000000,0x00000000edd00000,0x00000000edd00000)
  from space 134144K, 55% used [0x00000000f7000000,0x00000000fb8e1d58,0x00000000ff300000)
  to   space 142336K, 0% used [0x00000000edd00000,0x00000000edd00000,0x00000000f6800000)
 ParOldGen       total 1048576K, used 775401K [0x00000000a0000000, 0x00000000e0000000, 0x00000000e0000000)
  object space 1048576K, 73% used [0x00000000a0000000,0x00000000cf53a7d8,0x00000000e0000000)
 Metaspace       used 96391K, capacity 103836K, committed 108800K, reserved 1144832K
  class space    used 12079K, capacity 12958K, committed 14080K, reserved 1048576K
Event: 5808.253 GC heap after
Heap after GC invocations=93 (full 8):
 PSYoungGen      total 368640K, used 113003K [0x00000000e0000000, 0x0000000100000000, 0x0000000100000000)
  eden space 226304K, 0% used [0x00000000e0000000,0x00000000e0000000,0x00000000edd00000)
  from space 142336K, 79% used [0x00000000edd00000,0x00000000f4b5ac70,0x00000000f6800000)
  to   space 151040K, 0% used [0x00000000f6c80000,0x00000000f6c80000,0x0000000100000000)
 ParOldGen       total 1048576K, used 775401K [0x00000000a0000000, 0x00000000e0000000, 0x00000000e0000000)
  object space 1048576K, 73% used [0x00000000a0000000,0x00000000cf53a7d8,0x00000000e0000000)
 Metaspace       used 96391K, capacity 103836K, committed 108800K, reserved 1144832K
  class space    used 12079K, capacity 12958K, committed 14080K, reserved 1048576K
}
Event: 5808.686 GC heap before
{Heap before GC invocations=94 (full 8):
 PSYoungGen      total 368640K, used 339307K [0x00000000e0000000, 0x0000000100000000, 0x0000000100000000)
  eden space 226304K, 100% used [0x00000000e0000000,0x00000000edd00000,0x00000000edd00000)
  from space 142336K, 79% used [0x00000000edd00000,0x00000000f4b5ac70,0x00000000f6800000)
  to   space 151040K, 0% used [0x00000000f6c80000,0x00000000f6c80000,0x0000000100000000)
 ParOldGen       total 1048576K, used 775401K [0x00000000a0000000, 0x00000000e0000000, 0x00000000e0000000)
  object space 1048576K, 73% used [0x00000000a0000000,0x00000000cf53a7d8,0x00000000e0000000)
 Metaspace       used 96391K, capacity 103836K, committed 108800K, reserved 1144832K
  class space    used 12079K, capacity 12958K, committed 14080K, reserved 1048576K
Event: 5808.960 GC heap after
Heap after GC invocations=94 (full 8):
 PSYoungGen      total 374784K, used 74029K [0x00000000e0000000, 0x00000000ffa80000, 0x0000000100000000)
  eden space 229376K, 0% used [0x00000000e0000000,0x00000000e0000000,0x00000000ee000000)
  from space 145408K, 50% used [0x00000000f6c80000,0x00000000fb4cb730,0x00000000ffa80000)
  to   space 143872K, 0% used [0x00000000ee000000,0x00000000ee000000,0x00000000f6c80000)
 ParOldGen       total 1048576K, used 848608K [0x00000000a0000000, 0x00000000e0000000, 0x00000000e0000000)
  object space 1048576K, 80% used [0x00000000a0000000,0x00000000d3cb83f8,0x00000000e0000000)
 Metaspace       used 96391K, capacity 103836K, committed 108800K, reserved 1144832K
  class space    used 12079K, capacity 12958K, committed 14080K, reserved 1048576K
}
Event: 5811.706 GC heap before
{Heap before GC invocations=95 (full 8):
 PSYoungGen      total 374784K, used 303405K [0x00000000e0000000, 0x00000000ffa80000, 0x0000000100000000)
  eden space 229376K, 100% used [0x00000000e0000000,0x00000000ee000000,0x00000000ee000000)
  from space 145408K, 50% used [0x00000000f6c80000,0x00000000fb4cb730,0x00000000ffa80000)
  to   space 143872K, 0% used [0x00000000ee000000,0x00000000ee000000,0x00000000f6c80000)
 ParOldGen       total 1048576K, used 848608K [0x00000000a0000000, 0x00000000e0000000, 0x00000000e0000000)
  object space 1048576K, 80% used [0x00000000a0000000,0x00000000d3cb83f8,0x00000000e0000000)
 Metaspace       used 96428K, capacity 103900K, committed 108800K, reserved 1144832K
  class space    used 12079K, capacity 12958K, committed 14080K, reserved 1048576K

